2013-02-27 12:44:25.920 [info] <0.6.0> Application lager started on node nonode@nohost
2013-02-27 12:44:25.925 [error] <0.54.0> CRASH REPORT Process <0.54.0> with 0 neighbours exited with reason: no such process or port in call to gen_server:call(ranch_sup, {start_child,{{ranch_listener_sup,my_http_listener},{ranch_listener_sup,start_link,[my_http_listener,...]},...}}, infinity) in application_master:init/4 line 138
2013-02-27 12:44:25.926 [info] <0.6.0> Application thor exited with reason: no such process or port in call to gen_server:call(ranch_sup, {start_child,{{ranch_listener_sup,my_http_listener},{ranch_listener_sup,start_link,[my_http_listener,...]},...}}, infinity)
2013-02-27 12:47:35.152 [info] <0.6.0> Application lager started on node nonode@nohost
2013-02-27 12:47:35.156 [error] <0.54.0> CRASH REPORT Process <0.54.0> with 0 neighbours exited with reason: no such process or port in call to gen_server:call(ranch_sup, {start_child,{{ranch_listener_sup,my_http_listener},{ranch_listener_sup,start_link,[my_http_listener,...]},...}}, infinity) in application_master:init/4 line 138
2013-02-27 12:47:35.158 [info] <0.6.0> Application thor exited with reason: no such process or port in call to gen_server:call(ranch_sup, {start_child,{{ranch_listener_sup,my_http_listener},{ranch_listener_sup,start_link,[my_http_listener,...]},...}}, infinity)
2013-02-27 12:49:40.842 [info] <0.6.0> Application lager started on node nonode@nohost
2013-02-27 12:49:40.845 [error] <0.54.0> CRASH REPORT Process <0.54.0> with 0 neighbours exited with reason: no such process or port in call to gen_server:call(ranch_sup, {start_child,{{ranch_listener_sup,my_http_listener},{ranch_listener_sup,start_link,[my_http_listener,...]},...}}, infinity) in application_master:init/4 line 138
2013-02-27 12:49:40.847 [info] <0.6.0> Application thor exited with reason: no such process or port in call to gen_server:call(ranch_sup, {start_child,{{ranch_listener_sup,my_http_listener},{ranch_listener_sup,start_link,[my_http_listener,...]},...}}, infinity)
2013-02-27 12:52:00.133 [info] <0.6.0> Application lager started on node nonode@nohost
2013-02-27 12:52:00.137 [error] <0.54.0> CRASH REPORT Process <0.54.0> with 0 neighbours exited with reason: no such process or port in call to gen_server:call(ranch_sup, {start_child,{{ranch_listener_sup,default_handler},{ranch_listener_sup,start_link,[default_handler,...]},...}}, infinity) in application_master:init/4 line 138
2013-02-27 12:52:00.139 [info] <0.6.0> Application thor exited with reason: no such process or port in call to gen_server:call(ranch_sup, {start_child,{{ranch_listener_sup,default_handler},{ranch_listener_sup,start_link,[default_handler,...]},...}}, infinity)
2013-02-27 12:52:35.592 [info] <0.6.0> Application lager started on node nonode@nohost
2013-02-27 12:52:35.596 [error] <0.54.0> CRASH REPORT Process <0.54.0> with 0 neighbours exited with reason: no such process or port in call to gen_server:call(ranch_sup, {start_child,{{ranch_listener_sup,default_handler},{ranch_listener_sup,start_link,[default_handler,...]},...}}, infinity) in application_master:init/4 line 138
2013-02-27 12:52:35.598 [info] <0.6.0> Application thor exited with reason: no such process or port in call to gen_server:call(ranch_sup, {start_child,{{ranch_listener_sup,default_handler},{ranch_listener_sup,start_link,[default_handler,...]},...}}, infinity)
2013-02-27 13:27:18.571 [info] <0.6.0> Application lager started on node nonode@nohost
2013-02-27 13:27:18.597 [error] <0.54.0> CRASH REPORT Process <0.54.0> with 0 neighbours exited with reason: call to undefined function cowboy:compile([{'_',[{'_',default_handler,[]}]}]) in application_master:init/4 line 138
2013-02-27 13:27:18.624 [info] <0.6.0> Application thor exited with reason: call to undefined function cowboy:compile([{'_',[{'_',default_handler,[]}]}])
2013-02-27 13:27:38.655 [info] <0.6.0> Application lager started on node nonode@nohost
2013-02-27 13:27:38.660 [error] <0.54.0> CRASH REPORT Process <0.54.0> with 0 neighbours exited with reason: no such process or port in call to gen_server:call(ranch_sup, {start_child,{{ranch_listener_sup,default_handler},{ranch_listener_sup,start_link,[default_handler,...]},...}}, infinity) in application_master:init/4 line 138
2013-02-27 13:27:38.662 [info] <0.6.0> Application thor exited with reason: no such process or port in call to gen_server:call(ranch_sup, {start_child,{{ranch_listener_sup,default_handler},{ranch_listener_sup,start_link,[default_handler,...]},...}}, infinity)
2013-02-27 13:28:46.853 [info] <0.6.0> Application lager started on node nonode@nohost
2013-02-27 13:31:12.136 [info] <0.6.0> Application lager started on node nonode@nohost
2013-02-27 13:34:54.452 [info] <0.6.0> Application lager started on node nonode@nohost
2013-02-27 18:15:34.264 [info] <0.6.0> Application lager started on node nonode@nohost
2013-02-27 18:17:17.633 [info] <0.6.0> Application ranch started on node nonode@nohost
2013-02-27 18:17:26.605 [info] <0.6.0> Application cowboy started on node nonode@nohost
2013-02-27 18:17:36.100 [info] <0.6.0> Application thor started on node nonode@nohost
2013-02-27 18:20:51.980 [info] <0.6.0> Application lager started on node nonode@nohost
2013-02-27 18:21:11.849 [info] <0.6.0> Application ranch started on node nonode@nohost
2013-02-27 18:22:02.612 [info] <0.6.0> Application lager started on node nonode@nohost
2013-02-27 18:22:02.636 [error] <0.54.0> CRASH REPORT Process <0.54.0> with 0 neighbours exited with reason: no such process or port in call to gen_server:call(ranch_sup, {start_child,{{ranch_listener_sup,http},{ranch_listener_sup,start_link,[http,100,ranch_tcp,[{port,...}],...]},...}}, infinity) in application_master:init/4 line 138
2013-02-27 18:22:02.649 [info] <0.6.0> Application thor exited with reason: no such process or port in call to gen_server:call(ranch_sup, {start_child,{{ranch_listener_sup,http},{ranch_listener_sup,start_link,[http,100,ranch_tcp,[{port,...}],...]},...}}, infinity)
2013-02-27 18:22:44.670 [error] <0.57.0> CRASH REPORT Process <0.57.0> with 0 neighbours exited with reason: no such process or port in call to gen_server:call(ranch_sup, {start_child,{{ranch_listener_sup,http},{ranch_listener_sup,start_link,[http,100,ranch_tcp,[{port,...}],...]},...}}, infinity) in application_master:init/4 line 138
2013-02-27 18:22:44.673 [info] <0.6.0> Application thor exited with reason: no such process or port in call to gen_server:call(ranch_sup, {start_child,{{ranch_listener_sup,http},{ranch_listener_sup,start_link,[http,100,ranch_tcp,[{port,...}],...]},...}}, infinity)
2013-02-27 18:23:03.697 [info] <0.6.0> Application ranch started on node nonode@nohost
2013-02-27 18:23:07.254 [info] <0.6.0> Application cowboy started on node nonode@nohost
2013-02-27 18:23:09.928 [info] <0.6.0> Application thor started on node nonode@nohost
2013-02-27 18:23:37.627 [info] <0.6.0> Application lager started on node nonode@nohost
2013-02-27 19:17:37.087 [info] <0.6.0> Application lager started on node nonode@nohost
2013-02-27 19:37:00.419 [info] <0.6.0> Application lager started on node nonode@nohost
2013-02-27 19:38:34.213 [info] <0.6.0> Application lager started on node nonode@nohost
