2013-02-27 12:44:25 =CRASH REPORT====
  crasher:
    initial call: application_master:init/4
    pid: <0.54.0>
    registered_name: []
    exception exit: {{bad_return,{{thor_app,start,[normal,[]]},{'EXIT',{noproc,{gen_server,call,[ranch_sup,{start_child,{{ranch_listener_sup,my_http_listener},{ranch_listener_sup,start_link,[my_http_listener,100,ranch_tcp,[{port,8080}],cowboy_protocol,[{env,[{dispatch,[{'_',[{'_',default_handler,[]}]}]}]}]]},permanent,5000,supervisor,[ranch_listener_sup]}},infinity]}}}}},[{application_master,init,4,[{file,"application_master.erl"},{line,138}]},{proc_lib,init_p_do_apply,3,[{file,"proc_lib.erl"},{line,227}]}]}
    ancestors: [<0.53.0>]
    messages: [{'EXIT',<0.55.0>,normal}]
    links: [<0.53.0>,<0.6.0>]
    dictionary: []
    trap_exit: true
    status: running
    heap_size: 610
    stack_size: 24
    reductions: 124
  neighbours:
2013-02-27 12:47:35 =CRASH REPORT====
  crasher:
    initial call: application_master:init/4
    pid: <0.54.0>
    registered_name: []
    exception exit: {{bad_return,{{thor_app,start,[normal,[]]},{'EXIT',{noproc,{gen_server,call,[ranch_sup,{start_child,{{ranch_listener_sup,my_http_listener},{ranch_listener_sup,start_link,[my_http_listener,100,ranch_tcp,[{port,8080}],cowboy_protocol,[{env,[{dispatch,[{'_',[{'_',default_handler,[]}]}]}]}]]},permanent,5000,supervisor,[ranch_listener_sup]}},infinity]}}}}},[{application_master,init,4,[{file,"application_master.erl"},{line,138}]},{proc_lib,init_p_do_apply,3,[{file,"proc_lib.erl"},{line,227}]}]}
    ancestors: [<0.53.0>]
    messages: [{'EXIT',<0.55.0>,normal}]
    links: [<0.53.0>,<0.6.0>]
    dictionary: []
    trap_exit: true
    status: running
    heap_size: 610
    stack_size: 24
    reductions: 124
  neighbours:
2013-02-27 12:49:40 =CRASH REPORT====
  crasher:
    initial call: application_master:init/4
    pid: <0.54.0>
    registered_name: []
    exception exit: {{bad_return,{{thor_app,start,[normal,[]]},{'EXIT',{noproc,{gen_server,call,[ranch_sup,{start_child,{{ranch_listener_sup,my_http_listener},{ranch_listener_sup,start_link,[my_http_listener,100,ranch_tcp,[{port,8097}],cowboy_protocol,[{env,[{dispatch,[{'_',[{'_',default_handler,[]}]}]}]}]]},permanent,5000,supervisor,[ranch_listener_sup]}},infinity]}}}}},[{application_master,init,4,[{file,"application_master.erl"},{line,138}]},{proc_lib,init_p_do_apply,3,[{file,"proc_lib.erl"},{line,227}]}]}
    ancestors: [<0.53.0>]
    messages: [{'EXIT',<0.55.0>,normal}]
    links: [<0.53.0>,<0.6.0>]
    dictionary: []
    trap_exit: true
    status: running
    heap_size: 610
    stack_size: 24
    reductions: 124
  neighbours:
2013-02-27 12:52:00 =CRASH REPORT====
  crasher:
    initial call: application_master:init/4
    pid: <0.54.0>
    registered_name: []
    exception exit: {{bad_return,{{thor_app,start,[normal,[]]},{'EXIT',{noproc,{gen_server,call,[ranch_sup,{start_child,{{ranch_listener_sup,default_handler},{ranch_listener_sup,start_link,[default_handler,100,ranch_tcp,[{port,8097}],cowboy_protocol,[{env,[{dispatch,[{'_',[{'_',default_handler,[]}]}]}]}]]},permanent,5000,supervisor,[ranch_listener_sup]}},infinity]}}}}},[{application_master,init,4,[{file,"application_master.erl"},{line,138}]},{proc_lib,init_p_do_apply,3,[{file,"proc_lib.erl"},{line,227}]}]}
    ancestors: [<0.53.0>]
    messages: [{'EXIT',<0.55.0>,normal}]
    links: [<0.53.0>,<0.6.0>]
    dictionary: []
    trap_exit: true
    status: running
    heap_size: 610
    stack_size: 24
    reductions: 124
  neighbours:
2013-02-27 12:52:35 =CRASH REPORT====
  crasher:
    initial call: application_master:init/4
    pid: <0.54.0>
    registered_name: []
    exception exit: {{bad_return,{{thor_app,start,[normal,[]]},{'EXIT',{noproc,{gen_server,call,[ranch_sup,{start_child,{{ranch_listener_sup,default_handler},{ranch_listener_sup,start_link,[default_handler,100,ranch_tcp,[{port,8097}],cowboy_protocol,[{env,[{dispatch,[{'_',[{'_',default_handler,[]}]}]}]}]]},permanent,5000,supervisor,[ranch_listener_sup]}},infinity]}}}}},[{application_master,init,4,[{file,"application_master.erl"},{line,138}]},{proc_lib,init_p_do_apply,3,[{file,"proc_lib.erl"},{line,227}]}]}
    ancestors: [<0.53.0>]
    messages: [{'EXIT',<0.55.0>,normal}]
    links: [<0.53.0>,<0.6.0>]
    dictionary: []
    trap_exit: true
    status: running
    heap_size: 610
    stack_size: 24
    reductions: 124
  neighbours:
2013-02-27 13:27:18 =CRASH REPORT====
  crasher:
    initial call: application_master:init/4
    pid: <0.54.0>
    registered_name: []
    exception exit: {{bad_return,{{thor_app,start,[normal,[]]},{'EXIT',{undef,[{cowboy,compile,[[{'_',[{'_',default_handler,[]}]}]],[]},{thor_app,start,2,[{file,"src/thor_app.erl"},{line,14}]},{application_master,start_it_old,4,[{file,"application_master.erl"},{line,274}]}]}}}},[{application_master,init,4,[{file,"application_master.erl"},{line,138}]},{proc_lib,init_p_do_apply,3,[{file,"proc_lib.erl"},{line,227}]}]}
    ancestors: [<0.53.0>]
    messages: [{'EXIT',<0.55.0>,normal}]
    links: [<0.53.0>,<0.6.0>]
    dictionary: []
    trap_exit: true
    status: running
    heap_size: 610
    stack_size: 24
    reductions: 116
  neighbours:
2013-02-27 13:27:38 =CRASH REPORT====
  crasher:
    initial call: application_master:init/4
    pid: <0.54.0>
    registered_name: []
    exception exit: {{bad_return,{{thor_app,start,[normal,[]]},{'EXIT',{noproc,{gen_server,call,[ranch_sup,{start_child,{{ranch_listener_sup,default_handler},{ranch_listener_sup,start_link,[default_handler,100,ranch_tcp,[{port,8097}],cowboy_protocol,[{env,[{dispatch,[{'_',[],[{'_',[],default_handler,[]}]}]}]}]]},permanent,5000,supervisor,[ranch_listener_sup]}},infinity]}}}}},[{application_master,init,4,[{file,"application_master.erl"},{line,138}]},{proc_lib,init_p_do_apply,3,[{file,"proc_lib.erl"},{line,227}]}]}
    ancestors: [<0.53.0>]
    messages: [{'EXIT',<0.55.0>,normal}]
    links: [<0.53.0>,<0.6.0>]
    dictionary: []
    trap_exit: true
    status: running
    heap_size: 610
    stack_size: 24
    reductions: 124
  neighbours:
2013-02-27 18:22:02 =CRASH REPORT====
  crasher:
    initial call: application_master:init/4
    pid: <0.54.0>
    registered_name: []
    exception exit: {{bad_return,{{thor_app,start,[normal,[]]},{'EXIT',{noproc,{gen_server,call,[ranch_sup,{start_child,{{ranch_listener_sup,http},{ranch_listener_sup,start_link,[http,100,ranch_tcp,[{port,8097}],cowboy_protocol,[{env,[{dispatch,[{'_',[],[{'_',[],default_handler,[]}]}]}]}]]},permanent,5000,supervisor,[ranch_listener_sup]}},infinity]}}}}},[{application_master,init,4,[{file,"application_master.erl"},{line,138}]},{proc_lib,init_p_do_apply,3,[{file,"proc_lib.erl"},{line,227}]}]}
    ancestors: [<0.53.0>]
    messages: [{'EXIT',<0.55.0>,normal}]
    links: [<0.53.0>,<0.6.0>]
    dictionary: []
    trap_exit: true
    status: running
    heap_size: 610
    stack_size: 24
    reductions: 124
  neighbours:
2013-02-27 18:22:44 =CRASH REPORT====
  crasher:
    initial call: application_master:init/4
    pid: <0.57.0>
    registered_name: []
    exception exit: {{bad_return,{{thor_app,start,[normal,[]]},{'EXIT',{noproc,{gen_server,call,[ranch_sup,{start_child,{{ranch_listener_sup,http},{ranch_listener_sup,start_link,[http,100,ranch_tcp,[{port,8097}],cowboy_protocol,[{env,[{dispatch,[{'_',[],[{'_',[],default_handler,[]}]}]}]}]]},permanent,5000,supervisor,[ranch_listener_sup]}},infinity]}}}}},[{application_master,init,4,[{file,"application_master.erl"},{line,138}]},{proc_lib,init_p_do_apply,3,[{file,"proc_lib.erl"},{line,227}]}]}
    ancestors: [<0.56.0>]
    messages: [{'EXIT',<0.58.0>,normal}]
    links: [<0.56.0>,<0.6.0>]
    dictionary: []
    trap_exit: true
    status: running
    heap_size: 610
    stack_size: 24
    reductions: 125
  neighbours:
